### Focused on Changing Resolution & Refresh Rate Systemlessly!
-------
## UNIVERSAL Module For All Devices & All Soc's
## VERSION ▰ 2.2 [28]
### CODENAME ▰ STRP x SRC

- Added Only KCAL Related Presets / Qcom SOC Only!
- Colorful Deep Black ▰ Dark Preset
- Triluminos Display ▰ Like SonySony
- Fake AMOLED ▰ Amoled Like

- Removed Some Resolution what Caused Problems on some Devices!
- Just check in Menu which one is Left

-------
## UNIVERSAL Module For All Devices & All Soc's
## VERSION ▰ 2.2 [27]
### CODENAME ▰ STRP x SRC
-------
### (Reworked Menu!)
### Changed Module Name To
- STRPxSRC
-------
## KCAL / SURFACEFLINGER OPTION

### This Option Will Change Ur Color Vibrant On Screen!
### Makes Ur Display More Colorfull!
- Activate KCAL / SurfaceFlinger Preset!
- Reset Preset To Normal!
- [More Presets Coming!]

-------

## Refresh Rate Settings

- Check Current Refresh Rate Set ▰ [-]
- 46 HZ Refresh Rate
- 50 HZ Refresh Rate
- 55 HZ Refresh Rate
- 60 HZ Refresh Rate
- 90 HZ Refresh Rate
- 120 HZ Refresh Rate
- Reset Refresh Rate config

--------

## Change You're Resolution

- 1080x2400
- 1080x1920
- 720x1600
- 480x1067
- 480x640
- 480x768
- 600x800
- 540x960
- 720x1280
- 900x1600
- 1440x2560
- 1440x3200
- Reset Resolution & Density

------

## Requirements:
- Magisk 22.0+
- Latest Busybox
- Android 5.0+

## Termux Command:
- su -c SRCC  #SRCMenu